<?xml version="1.0" encoding="UTF-8"?>
<!-- Generated by org.testng.reporters.JUnitReportReporter -->
<testsuite skipped="0" hostname="mamlu" name="com.tests.VisaCheckOut" tests="3" failures="0" timestamp="04 Jul 2018 15:24:54 GMT" time="238.194" errors="0">
  <testcase name="VisaCheckoutGuestUser2" time="90.009" classname="com.tests.VisaCheckOut"/>
  <testcase name="VisaCheckoutGuestUser1" time="59.749" classname="com.tests.VisaCheckOut"/>
  <testcase name="VisaCheckoutGuestUser" time="88.436" classname="com.tests.VisaCheckOut"/>
</testsuite> <!-- com.tests.VisaCheckOut -->
